2024/07/12 00:18:40 authenticateUser.go:64: [41mERROR: relation "mi_users777" does not exist (SQLSTATE 42P01)[0m
2024/07/12 00:10:57 authenticateUser.go:73: [41mERROR: relation "mi_users777" does not exist (SQLSTATE 42P01)[0m
2024/07/12 00:07:57 authenticateUser.go:70: [41mERROR: relation "mi_users777" does not exist (SQLSTATE 42P01)[0m
2024/07/12 00:07:43 authenticateUser.go:70: [41mERROR: relation "mi_users777" does not exist (SQLSTATE 42P01)[0m
2024/07/12 00:06:07 authenticateUser.go:70: [41mERROR: relation "mi_users777" does not exist (SQLSTATE 42P01)[0m
2024/07/12 00:03:37 authenticateUser.go:70: [41mERROR: relation "mi_users777" does not exist (SQLSTATE 42P01)[0m
2024/07/12 00:02:48 authenticateUser.go:70: [41mERROR: relation "mi_users777" does not exist (SQLSTATE 42P01)[0m
2024/07/12 00:00:55 authenticateUser.go:70: [95mERROR: relation "mi_users777" does not exist (SQLSTATE 42P01)[0m
2024/07/12 00:00:38 authenticateUser.go:70: [105mERROR: relation "mi_users777" does not exist (SQLSTATE 42P01)[0m
2024/07/12 00:00:12 authenticateUser.go:70: [35mERROR: relation "mi_users777" does not exist (SQLSTATE 42P01)[0m
2024/07/11 23:59:33 authenticateUser.go:70: [31mERROR: relation "mi_users777" does not exist (SQLSTATE 42P01)[0m
2024/07/11 23:58:44 authenticateUser.go:69: [91mERROR: relation "mi_users777" does not exist (SQLSTATE 42P01)[0m
2024/07/11 23:57:16 authenticateUser.go:69: [91mERROR: relation "mi_users777" does not exist (SQLSTATE 42P01)[0m
2024/07/11 23:53:04 authenticateUser.go:68: \033[33mERROR: relation "mi_users777" does not exist (SQLSTATE 42P01)[0m
2024/07/11 23:52:37 authenticateUser.go:68: \091[33mERROR: relation "mi_users777" does not exist (SQLSTATE 42P01)[0m
2024/07/11 23:48:44 authenticateUser.go:68: [33mERROR: relation "mi_users777" does not exist (SQLSTATE 42P01)[0m
2024/07/11 23:45:04 authenticateUser.go:64: [31mERROR: relation "mi_users777" does not exist (SQLSTATE 42P01)[0m
2024/07/11 23:44:19 authenticateUser.go:64: [31mERROR: relation "mi_users777" does not exist (SQLSTATE 42P01)[0m
2024/07/11 23:44:07 authenticateUser.go:64: [30mERROR: relation "mi_users777" does not exist (SQLSTATE 42P01)[0m
2024/07/11 23:42:35 authenticateUser.go:64: [31mERROR: relation "mi_users777" does not exist (SQLSTATE 42P01)[0m
2024/07/06 21:03:58 authenticateUser.go:55: ERROR: relation "mi_users777" does not exist (SQLSTATE 42P01)
2024/07/06 20:48:07 authenticateUser.go:55: ERROR: relation "mi_users777" does not exist (SQLSTATE 42P01)
2024/07/06 20:47:39 authenticateUser.go:55: ERROR: relation "mi_users777" does not exist (SQLSTATE 42P01)
2024/07/06 20:04:54 authenticateUser.go:55: ERROR: relation "mi_users777" does not exist (SQLSTATE 42P01)
enticateUser.go:48: failed to connect to `host=/tmp user=vladan database=`: dial error (dial unix /tmp/.s.PGSQL.5432: connect: no such file or directory)
2024/07/06 16:31:34 authenticateUser.go:146: crypto/bcrypt: hashedPassword is not the hash of the given password