2024/07/13 19:48:10 authenticateUser.go:169:  Pogrešna lozinka za: vladan_zasve@yahoo.com
2024/07/13 19:47:55 authenticateUser.go:169:  Pogrešna lozinka za: vladan_zasve@yahoo.com
2024/07/13 19:47:43 authenticateUser.go:169:  Pogrešna lozinka za: vladan_zasve@yahoo.com
2024/07/13 19:47:29 authenticateUser.go:169:  Pogrešna lozinka za: vladan_zasve@yahoo.com
2024/07/13 19:46:03 authenticateUser.go:169:  Pogrešna lozinka za: vladan_zasve@yahoo.com
2024/07/12 20:18:55 authenticateUser.go:169:  Pogrešna lozinka za: vladan_zasve@yahoo.com
2024/07/12 15:56:08 authenticateUser.go:178: Pogrešna lozinka za: vladan_zasve@yahoo.com
2024/07/12 15:51:52 authenticateUser.go:178: Pogrešna lozinka za: vladan_zasve@yahoo.com
[41m2024/07/12 15:50:56 authenticateUser.go:178: Pogrešna lozinka za: vladan_zasve@yahoo.com[0m
2024/07/12 15:50:00 authenticateUser.go:178: Pogrešna lozinka za: vladan_zasve@yahoo.com
[41m2024/07/12 15:36:42 authenticateUser.go:178: Pogrešna lozinka za: vladan_zasve@yahoo.com[0m
[41m2024/07/12 15:34:07 authenticateUser.go:181: Pogrešna lozinka za: vladan_zasve@yahoo.com
[0m
[41m2024/07/12 15:32:15 authenticateUser.go:181: Pogrešna lozinka za: vladan_zasve@yahoo.com
[0m
[41m2024/07/12 15:30:30 authenticateUser.go:181: Pogrešna lozinka za: vladan_zasve@yahoo.com
[0m
[41m2024/07/12 15:30:06 authenticateUser.go:181: Pogrešna lozinka za: vladan_zasve@yahoo.com
[0m
2024/07/12 12:08:34 authenticateUser.go:168: Pogrešna lozinka za: vladan_zasve@yahoo.com
2024/07/12 11:56:34 authenticateUser.go:166: Pogrešna lozinka za: vladan_zasve@yahoo.com
2024/07/12 11:54:46 authenticateUser.go:165: Pogrešna lozinka za: vladan_zasve@yahoo.com
2024/07/06 21:03:36 authenticateUser.go:156: Pogrešna lozinka za: y.emailbox-vezbamo@yahoo.com
2024/07/06 20:48:35 authenticateUser.go:156: Pogrešna lozinka za: y.emailbox-vezbamo@yahoo.com
