2024/08/07 11:24:56 eone_db.go:27:  ERROR: syntax error at or near "34535" (SQLSTATE 42601)  /api/c/eone/billing
2024/08/06 12:58:42 front.go:174:  apiCallGet url error: 500 Internal Server Error, url: http://127.0.0.1:7331/api/v/note  /user_portal
2024/08/06 12:58:42 vezbamo_db.go:391:  can't scan into dest[6]: cannot scan NULL into *string  /api/v/note
2024/08/06 12:57:02 front.go:174:  apiCallGet url error: 500 Internal Server Error, url: http://127.0.0.1:7331/api/v/note  /user_portal
2024/08/06 12:57:02 vezbamo_db.go:391:  can't scan into dest[6]: cannot scan NULL into *string  /api/v/note
2024/08/06 12:00:10 vezbamo.go:462:  no records put  /api/v/note/id/61
2024/08/06 11:58:46 vezbamo.go:462:  ERROR: syntax error at or near "mejl" (SQLSTATE 42601)  /api/v/note/id/61
2024/08/06 11:58:46 vezbamo.go:315:  ERROR: syntax error at or near "mejl" (SQLSTATE 42601)  /api/v/note/id/61
2024/08/06 11:57:34 vezbamo.go:462:  put record ne pripada nijednom tipu  /api/v/note/id/61
2024/08/06 11:57:34 vezbamo.go:329:  put record ne pripada nijednom tipu  /api/v/note/id/61
2024/08/06 11:56:13 vezbamo.go:462:  put record ne pripada nijednom tipu  /api/v/note/id/61
2024/08/06 11:56:13 vezbamo.go:329:  put record ne pripada nijednom tipu  /api/v/note/id/61
2024/08/06 11:53:26 vezbamo.go:460:  put record ne pripada nijednom tipu  /api/v/note/id/61
2024/08/06 11:53:26 vezbamo.go:327:  put record ne pripada nijednom tipu  /api/v/note/id/61
2024/08/06 11:51:15 vezbamo.go:460:  record ne pripada nijednom tipu  /api/v/note/id/61
2024/08/06 11:51:15 vezbamo.go:326:  record ne pripada nijednom tipu  /api/v/note/id/61
2024/08/05 21:22:05 vezbamo.go:211:  record ne pripada nijednom tipu  /api/v/test
2024/08/05 20:25:34 vezbamo.go:218:  nije model test  /api/v/test
2024/08/05 20:18:05 vezbamo.go:218:  nije model test  /api/v/test
2024/08/05 19:01:37 vezbamo.go:218:  nije model test  /api/v/test
2024/08/05 18:43:37 vezbamo.go:281:  json: cannot unmarshal object into Go value of type []models.Test  /api/v/test
2024/08/05 18:43:02 vezbamo.go:281:  invalid character 'd' looking for beginning of value  /api/v/test
2024/08/05 18:40:22 vezbamo.go:278:  invalid character 'd' looking for beginning of value  /api/v/test
2024/08/05 16:33:45 vezbamo.go:192:  no such record for delete  /api/v/test/id/49
2024/08/05 13:34:44 eone.go:27:  ERROR: syntax error at or near "989" (SQLSTATE 42601)  /api/c/billing
2024/08/03 21:12:51 front.go:173:  apiCallGet url error: 406 Not Acceptable, url: http://127.0.0.1:7331/api/note55  /user_portal
2024/08/03 21:11:30 front.go:181:  apiCallGet url error: 406 Not Acceptable, url: http://127.0.0.1:7331/api/note55  /user_portal
2024/08/03 21:01:38 front.go:179:  apiCallGet url error: 406 Not Acceptable, url: http://127.0.0.1:7331/api/note55  /user_portal
2024/08/03 20:55:57 front.go:179:  http note api error: 406 Not Acceptable, url: http://127.0.0.1:7331/api/note55  /user_portal
2024/08/03 20:51:00 front.go:179:  http note api error: 406 Not Acceptable, url: http://127.0.0.1:7331/api/noteid55  /user_portal
2024/08/03 20:49:23 front.go:178:  http note api error: 406 Not Acceptable, url: http://127.0.0.1:7331/api/noteid55  /user_portal
2024/08/03 20:34:07 front.go:168:  invalid character '<' looking for beginning of value  /user_portal
2024/08/02 19:14:46 routes.go:159:  Get "http://127.0.0.1:7332/api/note": dial tcp 127.0.0.1:7332: connect: connection refused  /user_portal
2024/08/02 19:12:51 routes.go:159:  Get "http://127.0.0.1:7332/api/note": dial tcp 127.0.0.1:7332: connect: connection refused  /user_portal
2024/08/02 19:10:52 routes.go:159:  Get "http://127.0.6.1:7331/api/note": dial tcp 127.0.6.1:7331: connect: connection refused  /user_portal
2024/08/02 19:06:08 routes.go:167:  http note api error: 406 Not Acceptable, url: http://127.0.0.1:7331/api/not5e  /user_portal
2024/07/30 22:13:11 billing_db.go:33:  can't scan into dest[0]: 281 is greater than maximum value for int8  /api/c/billing
2024/07/30 22:12:11 billing_db.go:33:  can't scan into dest[0]: 281 is greater than maximum value for int8  /api/c/billing
2024/07/30 22:12:02 billing_db.go:33:  can't scan into dest[0]: 281 is greater than maximum value for int8  /api/c/billing
2024/07/30 22:08:47 billing_db.go:33:  can't scan into dest[0]: 281 is greater than maximum value for int8  /api/c/billing
2024/07/29 21:23:19 billing_db.go:28:  ERROR: syntax error at or near "desc" (SQLSTATE 42601)  /api/c/billing
2024/07/27 15:04:02 tests_db.go:134:  ERROR: syntax error at or near "FROM" (SQLSTATE 42601)  /api/test/id/8
2024/07/27 15:03:36 tests_db.go:134:  ERROR: syntax error at or near "COALESCE" (SQLSTATE 42601)  /api/test/id/8
2024/07/27 15:03:20 tests_db.go:134:  ERROR: column "a_nullable_string_col" does not exist (SQLSTATE 42703)  /api/test/id/8
2024/07/27 14:57:11 tests_db.go:134:  can't scan into dest[17]: cannot scan NULL into *string  /api/test/id/8
2024/07/27 14:48:20 tests_db.go:131:  can't scan into dest[14]: cannot scan NULL into *string  /api/test/id/11
2024/07/27 14:46:36 tests_db.go:131:  can't scan into dest[17]: cannot scan NULL into *string  /api/test/id/8
2024/07/27 14:45:09 tests_db.go:131:  cannot find field d	atum_upisa in returned row  /api/test/id/8
2024/07/27 14:45:01 tests_db.go:131:  cannot find field d	atum_upisa in returned row  /api/test/id/8
2024/07/26 21:40:31 billing_db.go:33:  cannot find field g_id in returned row  /api/billing
2024/07/26 21:40:29 billing_db.go:33:  cannot find field g_id in returned row  /api/billing
2024/07/26 21:07:28 tests_db.go:126:  struct doesn't have corresponding row field obrazovni_profil  /api/test/id/5
2024/07/23 22:58:08 tests_db.go:126:  conn busy  /note/10
2024/07/23 22:52:38 tests_db.go:41:  ERROR: column "g_id" does not exist (SQLSTATE 42703)  /note/10
2024/07/23 22:51:37 tests_db.go:41:  ERROR: column "g_id" does not exist (SQLSTATE 42703)  /note/10
2024/07/23 22:18:01 tests_db.go:42:  ERROR: syntax error at or near "=" (SQLSTATE 42601)  /test/5
2024/07/23 22:16:51 tests_db.go:42:  ERROR: syntax error at or near "=" (SQLSTATE 42601)  /test/5
2024/07/23 22:16:08 tests_db.go:40:  ERROR: syntax error at or near "=" (SQLSTATE 42601)  /test/5
2024/07/23 22:15:33 tests_db.go:40:  ERROR: syntax error at or near "=" (SQLSTATE 42601)  /test/5
2024/07/23 21:05:36 tests_api.go:83:  Get "http://127.0.0.1:8080/secure/send": dial tcp 127.0.0.1:8080: connect: connection refused  /htmx_get_tests
2024/07/23 16:54:36 tests_api.go:83:  Get "http://127.0.0.1:8080/secure/send": dial tcp 127.0.0.1:8080: connect: connection refused  /htmx_get_tests
2024/07/23 16:53:25 tests_api.go:82:  Get "http://127.0.0.1:8080/secure/balance": dial tcp 127.0.0.1:8080: connect: connection refused  /htmx_get_tests
2024/07/23 16:44:18 tests_api.go:87:  http jasmin res: 400 Bad Request, url: http://127.0.0.1:1401/send  /htmx_get_tests
2024/07/23 16:40:18 tests_api.go:97:  http jasmin res: Error "Mandatory argument [to] is not found."  /htmx_get_tests
2024/07/23 16:39:55 tests_api.go:97:  http jasmin res: Error "Mandatory argument [to] is not found."  /htmx_get_tests
2024/07/23 16:39:29 tests_api.go:97:  http jasmin res: Error "Mandatory argument [to] is not found."  /htmx_get_tests
2024/07/23 16:38:35 tests_api.go:97:  http jasmin api: Error "Mandatory argument [to] is not found."  /htmx_get_tests
2024/07/23 16:36:12 tests_api.go:97:  http jasmin api res: Error "Mandatory argument [to] is not found."  /htmx_get_tests
2024/07/20 19:30:28 tests_db.go:57:  ERROR: could not determine data type of parameter $1 (SQLSTATE 42P18)  /test/5
2024/07/20 19:26:34 tests_db.go:57:  failed to encode args[1]: unable to encode 7 into text format for text (OID 25): cannot find encode plan  /test/5
2024/07/20 19:25:55 tests_db.go:110:  ERROR: invalid input syntax for type integer: "g_id" (SQLSTATE 22P02)  /test/5
2024/07/20 19:25:06 tests_db.go:110:  ERROR: invalid input syntax for type integer: "g_id" (SQLSTATE 22P02)  /test/5
2024/07/20 19:24:22 tests_db.go:110:  ERROR: invalid input syntax for type integer: "g_id" (SQLSTATE 22P02)  /test/5
2024/07/20 19:21:03 tests_db.go:57:  failed to encode args[1]: unable to encode 7 into text format for text (OID 25): cannot find encode plan  /test/5
2024/07/20 19:19:25 tests_db.go:57:  failed to encode args[1]: unable to encode 5 into text format for text (OID 25): cannot find encode plan  /test/5
2024/07/20 19:18:33 tests_db.go:57:  ERROR: syntax error at or near "$1" (SQLSTATE 42601)  /test/5
2024/07/20 18:49:52 tests_db.go:37:  failed to connect to `host=aws-0-us-east-1.pooler.supabase.com user=postgres.lcwabgjninqhisxitrzy database=postgres`: hostname resolving error (lookup aws-0-us-east-1.pooler.supabase.com: Temporary failure in name resolution)  /test/4
2024/07/18 22:11:59 tests_db.go:72:  ERROR: column "s1" does not exist (SQLSTATE 42703)  /test/36
2024/07/18 22:09:47 tests_db.go:72:  ERROR: column "s1" does not exist (SQLSTATE 42703)  /test/36
2024/07/18 21:53:22 tests_db.go:61:  ERROR: syntax error at or near "325" (SQLSTATE 42601)  /test/22
2024/07/18 21:25:50 tests_db.go:62:  ERROR: syntax error at or near ")" (SQLSTATE 42601)  /test/22
2024/07/18 21:21:31 tests_db.go:62:  ERROR: syntax error at or near ")" (SQLSTATE 42601)  /test/22
2024/07/18 21:21:28 tests_db.go:62:  ERROR: syntax error at or near ")" (SQLSTATE 42601)  /test/7
2024/07/18 21:21:24 tests_db.go:62:  ERROR: syntax error at or near ")" (SQLSTATE 42601)  /test/0
2024/07/18 16:33:12 tests_db.go:45:  ERROR: syntax error at or near "888" (SQLSTATE 42601)  /test/9
2024/07/18 16:21:50 tests_db.go:45:  ERROR: syntax error at or near "777" (SQLSTATE 42601)  /test/9
2024/07/18 16:21:03 tests_db.go:45:  ERROR: syntax error at or near "999" (SQLSTATE 42601)  /test/9
2024/07/18 16:20:10 tests_db.go:45:  ERROR: syntax error at or near "999" (SQLSTATE 42601)  /test/14
2024/07/18 16:03:47 tests_db.go:45:  ERROR: syntax error at or near "999" (SQLSTATE 42601)  /test/14
2024/07/18 14:38:16 tests_db.go:45:  ERROR: syntax error at or near "999" (SQLSTATE 42601)  /test/14
2024/07/18 14:37:47 tests_db.go:45:  ERROR: syntax error at or near "999" (SQLSTATE 42601)  /test/14
2024/07/18 14:25:15 tests_db.go:45:  ERROR: syntax error at or near "999" (SQLSTATE 42601)  /test/14
2024/07/18 14:23:05 tests_db.go:45:  ERROR: syntax error at or near "999" (SQLSTATE 42601)  /tezzzst/m
2024/07/18 14:21:49 tests_db.go:45:  ERROR: syntax error at or near "999" (SQLSTATE 42601)  /tezzzst/m
2024/07/17 13:18:51 getTests.go:34:  ERROR: syntax error at or near "12345" (SQLSTATE 42601)  /test
2024/07/17 12:39:52 getTests.go:34:  ERROR: syntax error at or near "12345" (SQLSTATE 42601)  /htmx_get_tests
2024/07/17 12:26:04 getTests.go:35:  ERROR: syntax error at or near "12345" (SQLSTATE 42601)  /test
2024/07/17 11:51:05 getTests.go:35:  ERROR: syntax error at or near "777" (SQLSTATE 42601)  /test
2024/07/17 11:49:14 getTests.go:35:  ERROR: syntax error at or near "777" (SQLSTATE 42601)  /test
2024/07/16 16:45:36 getTests.go:34:  ERROR: syntax error at or near "54354" (SQLSTATE 42601)  /test
2024/07/16 16:44:04 getTests.go:27:  failed to connect to `host=/tmp user=vladan database=`: dial error (dial unix /tmp/.s.PGSQL.5432: connect: no such file or directory)  /test
2024/07/16 16:21:25 getTests.go:33:  ERROR: syntax error at or near "754" (SQLSTATE 42601)  /test
2024/07/16 16:19:53 getTests.go:33:  ERROR: syntax error at or near "754" (SQLSTATE 42601)  /api_get_tests
2024/07/16 15:58:12 getTests.go:47:  struct doesn't have corresponding row field obrazovni_profil  /api_get_tests
2024/07/16 15:54:53 getTests.go:38:  struct doesn't have corresponding row field obrazovni_profil  /api_get_tests
2024/07/16 15:54:27 getTests.go:33:  ERROR: column "obrazovn_profil" does not exist (SQLSTATE 42703)  /api_get_tests
2024/07/16 15:41:48 getTests.go:33:  ERROR: syntax error at or near "8675876" (SQLSTATE 42601)  /api_get_tests
2024/07/16 15:28:30 getTests.go:33:  ERROR: syntax error at or near "888" (SQLSTATE 42601)  /api_get_tests
2024/07/16 15:28:19 getTests.go:33:  ERROR: syntax error at or near "888" (SQLSTATE 42601)  /api_get_tests
2024/07/16 15:27:13 getTests.go:33:  ERROR: syntax error at or near "888" (SQLSTATE 42601)  /api_get_tests
2024/07/16 15:24:34 getTests.go:33:  ERROR: syntax error at or near "888" (SQLSTATE 42601)  /api_get_tests
2024/07/16 15:24:28 getTests.go:33:  ERROR: syntax error at or near "888" (SQLSTATE 42601)  /api_get_tests
2024/07/16 15:14:20 getTests.go:39:  ERROR: syntax error at or near "888" (SQLSTATE 42601)  /api_get_tests
2024/07/16 15:08:35 getTests.go:39:  ERROR: syntax error at or near "888" (SQLSTATE 42601)  /api_get_tests
2024/07/16 15:04:46 getTests.go:37:  ERROR: syntax error at or near "888" (SQLSTATE 42601)  /api_get_tests
2024/07/16 15:02:17 getTests.go:35:  ERROR: syntax error at or near "888" (SQLSTATE 42601)  /api_get_tests
2024/07/16 15:01:10 getTests.go:36:  ERROR: syntax error at or near "888" (SQLSTATE 42601)  /api_get_tests
2024/07/16 15:00:35 getTests.go:36:  ERROR: syntax error at or near "888" (SQLSTATE 42601)  /api_get_tests
2024/07/16 15:00:06 getTests.go:36:  ERROR: syntax error at or near "888" (SQLSTATE 42601)  /api_get_tests
2024/07/16 14:57:32 getTests.go:43:  ERROR: syntax error at or near "888" (SQLSTATE 42601)  /api_get_tests
2024/07/15 16:46:49 getTests.go:36:  ERROR: syntax error at or near "999" (SQLSTATE 42601)  /api_get_tests
2024/07/15 16:45:22 getTests.go:36:  ERROR: syntax error at or near "999" (SQLSTATE 42601)  /api_get_tests
2024/07/15 16:41:50 getTests.go:25:  open ../../../../.env: no such file or directory  /api_get_tests
2024/07/15 14:47:07 getTests.go:28:  ERROR: syntax error at or near "444" (SQLSTATE 42601)  /api_get_tests
2024/07/15 14:42:39 getTests.go:28:  ERROR: syntax error at or near "3333" (SQLSTATE 42601)  /htmx_get_tests
2024/07/15 14:40:07 getTests.go:28:  ERROR: syntax error at or near "3333" (SQLSTATE 42601)  /htmx_get_tests
2024/07/15 14:27:24 getTests.go:28:  ERROR: syntax error at or near "3333" (SQLSTATE 42601)  /htmx_get_tests
2024/07/15 14:22:20 getTests.go:28:  ERROR: syntax error at or near "777" (SQLSTATE 42601)  /htmx_get_tests
2024/07/15 14:06:03 getTests.go:28:  ERROR: syntax error at or near "777" (SQLSTATE 42601)  /htmx_get_tests
2024/07/15 14:06:03 getTests.go:28:  ERROR: syntax error at or near "777" (SQLSTATE 42601)  /htmx_get_tests
2024/07/15 14:00:04 getTests.go:28:  ERROR: syntax error at or near "777" (SQLSTATE 42601)  /htmx_get_tests
2024/07/15 14:00:03 getTests.go:28:  ERROR: syntax error at or near "777" (SQLSTATE 42601)  /htmx_get_tests
2024/07/15 14:00:02 getTests.go:28:  ERROR: syntax error at or near "777" (SQLSTATE 42601)  /htmx_get_tests
2024/07/15 14:00:01 getTests.go:28:  ERROR: syntax error at or near "777" (SQLSTATE 42601)  /htmx_get_tests
2024/07/15 13:54:52 getTests.go:28:  ERROR: syntax error at or near "777" (SQLSTATE 42601)  /htmx_get_tests
2024/07/15 13:53:58 getTests.go:28:  ERROR: syntax error at or near "777" (SQLSTATE 42601)  /htmx_get_tests
2024/07/15 13:51:29 getTests.go:28:  ERROR: syntax error at or near "777" (SQLSTATE 42601)  /htmx_get_tests
2024/07/15 13:51:28 getTests.go:28:  ERROR: syntax error at or near "777" (SQLSTATE 42601)  /htmx_get_tests
2024/07/15 13:51:27 getTests.go:28:  ERROR: syntax error at or near "777" (SQLSTATE 42601)  /htmx_get_tests
2024/07/15 13:49:26 getTests.go:28:  ERROR: syntax error at or near "777" (SQLSTATE 42601)  /htmx_get_tests
2024/07/15 13:49:25 getTests.go:28:  ERROR: syntax error at or near "777" (SQLSTATE 42601)  /htmx_get_tests
2024/07/15 13:49:24 getTests.go:28:  ERROR: syntax error at or near "777" (SQLSTATE 42601)  /htmx_get_tests
2024/07/15 13:49:23 getTests.go:28:  ERROR: syntax error at or near "777" (SQLSTATE 42601)  /htmx_get_tests
2024/07/15 13:49:22 getTests.go:28:  ERROR: syntax error at or near "777" (SQLSTATE 42601)  /htmx_get_tests
2024/07/15 13:49:21 getTests.go:28:  ERROR: syntax error at or near "777" (SQLSTATE 42601)  /htmx_get_tests
2024/07/15 13:49:20 getTests.go:28:  ERROR: syntax error at or near "777" (SQLSTATE 42601)  /htmx_get_tests
2024/07/15 13:49:19 getTests.go:28:  ERROR: syntax error at or near "777" (SQLSTATE 42601)  /htmx_get_tests
2024/07/15 13:46:13 getTests.go:28:  ERROR: syntax error at or near "777" (SQLSTATE 42601)  /htmx_get_tests
2024/07/15 13:46:12 getTests.go:28:  ERROR: syntax error at or near "777" (SQLSTATE 42601)  /htmx_get_tests
2024/07/15 13:46:10 getTests.go:28:  ERROR: syntax error at or near "777" (SQLSTATE 42601)  /htmx_get_tests
2024/07/15 13:46:09 getTests.go:28:  ERROR: syntax error at or near "777" (SQLSTATE 42601)  /htmx_get_tests
2024/07/15 13:46:08 getTests.go:28:  ERROR: syntax error at or near "777" (SQLSTATE 42601)  /htmx_get_tests
2024/07/15 13:46:07 getTests.go:28:  ERROR: syntax error at or near "777" (SQLSTATE 42601)  /htmx_get_tests
2024/07/15 13:46:06 getTests.go:28:  ERROR: syntax error at or near "777" (SQLSTATE 42601)  /htmx_get_tests
2024/07/15 13:46:05 getTests.go:28:  ERROR: syntax error at or near "777" (SQLSTATE 42601)  /htmx_get_tests
2024/07/15 13:44:42 getTests.go:28:  ERROR: syntax error at or near "777" (SQLSTATE 42601)  /htmx_get_tests
2024/07/15 13:44:41 getTests.go:28:  ERROR: syntax error at or near "777" (SQLSTATE 42601)  /htmx_get_tests
2024/07/15 13:44:40 getTests.go:28:  ERROR: syntax error at or near "777" (SQLSTATE 42601)  /htmx_get_tests
2024/07/15 13:44:39 getTests.go:28:  ERROR: syntax error at or near "777" (SQLSTATE 42601)  /htmx_get_tests
2024/07/15 13:42:58 getTests.go:28:  ERROR: syntax error at or near "777" (SQLSTATE 42601)  /htmx_get_tests
2024/07/15 13:42:57 getTests.go:28:  ERROR: syntax error at or near "777" (SQLSTATE 42601)  /htmx_get_tests
2024/07/15 13:42:56 getTests.go:28:  ERROR: syntax error at or near "777" (SQLSTATE 42601)  /htmx_get_tests
2024/07/15 13:42:55 getTests.go:28:  ERROR: syntax error at or near "777" (SQLSTATE 42601)  /htmx_get_tests
2024/07/15 13:42:54 getTests.go:28:  ERROR: syntax error at or near "777" (SQLSTATE 42601)  /htmx_get_tests
2024/07/15 13:41:25 getTests.go:28:  ERROR: syntax error at or near "777" (SQLSTATE 42601)  /htmx_get_tests
2024/07/15 13:41:24 getTests.go:28:  ERROR: syntax error at or near "777" (SQLSTATE 42601)  /htmx_get_tests
2024/07/15 13:41:23 getTests.go:28:  ERROR: syntax error at or near "777" (SQLSTATE 42601)  /htmx_get_tests
2024/07/15 13:39:00 getTests.go:28:  ERROR: syntax error at or near "777" (SQLSTATE 42601)  /htmx_get_tests
2024/07/15 13:38:59 getTests.go:28:  ERROR: syntax error at or near "777" (SQLSTATE 42601)  /htmx_get_tests
2024/07/15 13:38:58 getTests.go:28:  ERROR: syntax error at or near "777" (SQLSTATE 42601)  /htmx_get_tests
2024/07/15 13:38:57 getTests.go:28:  ERROR: syntax error at or near "777" (SQLSTATE 42601)  /htmx_get_tests
2024/07/15 13:38:57 getTests.go:28:  ERROR: syntax error at or near "777" (SQLSTATE 42601)  /htmx_get_tests
2024/07/15 13:33:36 getTests.go:28:  ERROR: syntax error at or near "777" (SQLSTATE 42601)  /api_get_tests
2024/07/15 13:33:34 getTests.go:28:  ERROR: syntax error at or near "777" (SQLSTATE 42601)  /api_get_tests
2024/07/15 13:33:32 getTests.go:28:  ERROR: syntax error at or near "777" (SQLSTATE 42601)  /api_get_tests
2024/07/15 13:33:31 getTests.go:28:  ERROR: syntax error at or near "777" (SQLSTATE 42601)  /api_get_tests
2024/07/15 13:33:30 getTests.go:28:  ERROR: syntax error at or near "777" (SQLSTATE 42601)  /api_get_tests
2024/07/15 13:33:28 getTests.go:28:  ERROR: syntax error at or near "777" (SQLSTATE 42601)  /api_get_tests
2024/07/15 13:33:27 getTests.go:28:  ERROR: syntax error at or near "777" (SQLSTATE 42601)  /api_get_tests
2024/07/15 13:33:26 getTests.go:28:  ERROR: syntax error at or near "777" (SQLSTATE 42601)  /api_get_tests
2024/07/15 13:33:25 getTests.go:28:  ERROR: syntax error at or near "777" (SQLSTATE 42601)  /api_get_tests
2024/07/15 13:32:58 getTests.go:28:  ERROR: syntax error at or near "777" (SQLSTATE 42601)  /api_get_tests
2024/07/15 13:32:49 getTests.go:28:  ERROR: syntax error at or near "777" (SQLSTATE 42601)  /api_get_tests
2024/07/15 13:32:48 getTests.go:28:  ERROR: syntax error at or near "777" (SQLSTATE 42601)  /api_get_tests
2024/07/15 13:32:37 getTests.go:28:  ERROR: syntax error at or near "777" (SQLSTATE 42601)  /api_get_tests
2024/07/15 13:32:33 getTests.go:28:  ERROR: syntax error at or near "777" (SQLSTATE 42601)  /api_get_tests
2024/07/15 13:32:33 getTests.go:28:  ERROR: syntax error at or near "777" (SQLSTATE 42601)  /api_get_tests
2024/07/15 13:32:30 getTests.go:28:  ERROR: syntax error at or near "777" (SQLSTATE 42601)  /api_get_tests
2024/07/15 13:32:27 getTests.go:28:  ERROR: syntax error at or near "777" (SQLSTATE 42601)  /api_get_tests
2024/07/15 13:32:25 getTests.go:28:  ERROR: syntax error at or near "777" (SQLSTATE 42601)  /api_get_tests
2024/07/15 13:32:24 getTests.go:28:  ERROR: syntax error at or near "777" (SQLSTATE 42601)  /api_get_tests
2024/07/15 13:32:23 getTests.go:28:  ERROR: syntax error at or near "777" (SQLSTATE 42601)  /api_get_tests
2024/07/15 13:32:22 getTests.go:28:  ERROR: syntax error at or near "777" (SQLSTATE 42601)  /api_get_tests
2024/07/15 13:32:21 getTests.go:28:  ERROR: syntax error at or near "777" (SQLSTATE 42601)  /api_get_tests
2024/07/15 13:32:20 getTests.go:28:  ERROR: syntax error at or near "777" (SQLSTATE 42601)  /api_get_tests