2024/08/08 22:33:35 v_api_crud.go:110:  user created for: y.emailbox-proba@yahoo.com 12345678901234567890123456789012 apila3245325  /api/v/user
2024/08/08 22:32:47 v_api_crud.go:107:  API erorr: 418, user data not validated  /api/v/user
2024/08/08 22:23:47 v_api_crud.go:107:  API erorr: 418, user data not validated  /api/v/user
2024/08/08 22:23:45 v_api_crud.go:110:  user created for: y.emailbox-proba@yahoo.com 12345678901234567890123456789012 apila3245325  /api/v/user
2024/08/08 22:17:29 v_api_crud.go:107:  API erorr: 418, user data not validated  /api/v/user
2024/08/08 22:17:27 v_api_crud.go:107:  API erorr: 418, user data not validated  /api/v/user
2024/08/08 22:17:25 v_api_crud.go:109:  return_data  /api/v/user
2024/08/08 22:14:37 v_api_crud.go:107:  API erorr: 418, user data not validated  /api/v/user
2024/08/08 22:14:35 v_api_crud.go:107:  API erorr: 418, user data not validated  /api/v/user
2024/08/08 22:10:28 v_api_crud.go:107:  API erorr: 418, user data not validated  /api/v/user
2024/08/08 22:10:22 v_api_crud.go:107:  API erorr: 418, user data not validated  /api/v/user
2024/08/08 22:10:17 v_api_crud.go:107:  API erorr: 418, user data not validated  /api/v/user
2024/08/08 22:10:14 v_api_crud.go:107:  API erorr: 418, user data not validated  /api/v/user
2024/08/08 22:10:09 v_api_crud.go:107:  API erorr: 418, user data not validated  /api/v/user
2024/08/08 22:10:06 v_api_crud.go:107:  API erorr: 418, user data not validated  /api/v/user
2024/08/08 22:10:04 v_api_crud.go:107:  API erorr: 418, user data not validated  /api/v/user
2024/08/08 22:10:02 v_api_crud.go:107:  API erorr: 418, user data not validated  /api/v/user
2024/08/08 22:10:00 v_api_crud.go:109:  user created for: y.emailbox-proba@yahoo.com 12345678901234567890123456789012 apila3245325  /api/v/user
2024/08/08 22:03:16 v_api_crud.go:107:  API erorr: 418, user data not validated  /api/v/user
2024/08/08 22:03:12 v_api_crud.go:107:  API erorr: 418, user data not validated  /api/v/user
2024/08/08 22:03:09 v_api_crud.go:107:  API erorr: 418, user data not validated  /api/v/user
2024/08/08 22:03:06 v_api_crud.go:107:  API erorr: 418, user data not validated  /api/v/user
2024/08/08 22:03:03 v_api_crud.go:107:  API erorr: 418, user data not validated  /api/v/user
2024/08/08 22:03:01 v_api_crud.go:107:  API erorr: 418, user data not validated  /api/v/user
2024/08/08 22:02:59 v_api_crud.go:107:  API erorr: 418, user data not validated  /api/v/user
2024/08/08 22:02:52 v_api_crud.go:107:  API erorr: 418, user data not validated  /api/v/user
2024/08/08 22:02:47 v_api_crud.go:106:  API erorr: 418, user data not validated  /api/v/user
2024/08/08 22:02:44 v_api_crud.go:106:  API erorr: 418, user data not validated  /api/v/user
2024/08/08 22:02:41 v_api_crud.go:106:  API erorr: 418, user data not validated  /api/v/user
2024/08/08 22:02:39 v_api_crud.go:106:  API erorr: 418, user data not validated  /api/v/user
2024/08/08 22:02:37 v_api_crud.go:108:  user created for: y.emailbox-proba@yahoo.com aassddff 321654987  /api/v/user
2024/08/08 21:59:20 v_api_crud.go:105:  user created for: y.emailbox-proba@yahoo.com asdfghjkl 123456789  /api/v/user
2024/08/08 21:58:46 v_api_crud.go:105:    /api/v/user
2024/08/08 21:58:24 v_api_crud.go:105:    /api/v/user
2024/08/08 21:58:09 v_api_crud.go:105:    /api/v/user
2024/08/08 21:57:58 v_api_crud.go:105:    /api/v/user
2024/08/08 21:57:51 v_api_crud.go:105:    /api/v/user
2024/08/08 21:57:45 v_api_crud.go:105:    /api/v/user
2024/08/08 21:57:41 v_api_crud.go:105:    /api/v/user
2024/08/08 21:57:37 v_api_crud.go:105:    /api/v/user
2024/08/08 21:57:34 v_api_crud.go:105:    /api/v/user
2024/08/08 21:57:32 v_api_crud.go:105:    /api/v/user
2024/08/08 21:57:29 v_api_crud.go:105:    /api/v/user
2024/08/08 21:57:27 v_api_crud.go:105:    /api/v/user
2024/08/08 21:57:25 v_api_crud.go:105:    /api/v/user
2024/08/08 21:57:22 v_api_crud.go:105:    /api/v/user
2024/08/08 21:57:20 v_api_crud.go:105:    /api/v/user
2024/08/08 21:57:18 v_api_crud.go:105:  user created for: y.emailbox-proba@yahoo.com asdfghjkl 123456789  /api/v/user
2024/08/08 21:56:34 validation.go:45:  API erorr: 400, malformed request syntax name  /api/v/user
2024/08/08 21:54:17 v_api_crud.go:105:  api: user created: user created for: y.emailbox-proba@yahoo.com 12345678901234567890123456789012 apila3245325  /api/v/user
2024/08/08 21:37:10 validation.go:39:  API erorr: 400, malformed request syntax pass  /api/v/user
2024/08/08 21:36:10 validation.go:39:  API erorr: 400, malformed request syntax pass  /api/v/user
2024/08/08 21:34:51 validation.go:39:  API erorr: 400, malformed request syntax pass  /api/v/user
2024/08/08 21:33:17 validation.go:39:  API erorr: 400, malformed request syntax pass  /api/v/user
2024/08/08 21:32:57 validation.go:45:  API erorr: 400, malformed request syntax name  /api/v/user
2024/08/08 21:31:39 v_api_crud.go:97:  API erorr: 400, malformed request syntax name  /api/v/user
2024/08/08 21:31:39 validation.go:45:  API erorr: 400, malformed request syntax name  /api/v/user
2024/08/08 21:24:00 v_api_crud.go:98:  API erorr: 400, malformed request syntax mail  /api/v/user
2024/08/08 21:24:00 validation.go:33:  API erorr: 400, malformed request syntax mail  /api/v/user
2024/08/08 21:15:22 v_api_crud.go:98:  API erorr: 400, malformed request syntax mail  /api/v/user
2024/08/08 21:15:22 validation.go:37:  API erorr: 400, malformed request syntax mail  /api/v/user
2024/08/08 20:36:44 validation.go:50:  API erorr: 400, malformed request syntax name  /api/v/user
2024/08/08 20:36:05 validation.go:50:  API erorr: 400, malformed request syntax name  /api/v/user
2024/08/08 20:35:46 validation.go:50:  API erorr: 400, malformed request syntax name  /api/v/user
2024/08/08 20:35:07 validation.go:50:  API erorr: 400, malformed request syntax user name  /api/v/user
2024/08/08 20:34:26 validation.go:44:  API erorr: 400, malformed request syntax pass  /api/v/user
2024/08/08 20:34:12 validation.go:44:  API erorr: 400, malformed request syntax pass  /api/v/user
2024/08/08 20:30:03 validation.go:38:  API erorr: 400, malformed request syntax email  /api/v/user
2024/08/08 20:26:02 validation.go:34:  API erorr: 400, malformed request syntax email  /api/v/user
2024/08/08 20:19:19 validation.go:32:  API erorr: 400, malformed request syntax email  /api/v/user
2024/08/08 20:14:27 validation.go:32:  API erorr: 400, malformed request syntax email  /api/v/user
2024/08/08 20:13:50 validation.go:32:  API erorr: 400, malformed request syntax email  /api/v/user
2024/08/08 20:13:23 validation.go:32:  API erorr: 400, malformed request syntax email  /api/v/user
2024/08/08 20:12:25 validation.go:32:  API erorr: 400, malformed request syntax email  /api/v/user
2024/08/07 11:27:50 authenticate_user.go:168:  Pogrešna lozinka za: y.emailbox-vezbamo@yahoo.com  tmp/r.URL.Path
2024/07/18 22:44:54 tests_db.go:94:  API erorr: 400, malformed request syntax  /test/38
2024/07/18 22:44:54 tests_db.go:94:  API erorr: 400, malformed request syntax  /test/38
2024/07/18 22:44:51 tests_db.go:94:  API erorr: 400, malformed request syntax  /test/37
2024/07/18 22:44:50 tests_db.go:94:  API erorr: 400, malformed request syntax  /test/37
2024/07/18 22:44:48 tests_db.go:94:  API erorr: 400, malformed request syntax  /test/22
2024/07/18 22:44:47 tests_db.go:94:  API erorr: 400, malformed request syntax  /test/22
2024/07/18 22:44:44 tests_db.go:94:  API erorr: 400, malformed request syntax  /test/7
2024/07/18 22:44:43 tests_db.go:94:  API erorr: 400, malformed request syntax  /test/7
2024/07/18 22:44:42 tests_db.go:94:  API erorr: 400, malformed request syntax  /test/7
2024/07/18 22:44:40 tests_db.go:94:  API erorr: 400, malformed request syntax  /test/0
2024/07/18 22:44:40 tests_db.go:94:  API erorr: 400, malformed request syntax  /test/0
2024/07/18 22:44:39 tests_db.go:94:  API erorr: 400, malformed request syntax  /test/0
2024/07/18 22:44:37 tests_api.go:29:  API erorr: 400, malformed request syntax  /test/8m
2024/07/18 22:44:37 tests_api.go:29:  API erorr: 400, malformed request syntax  /test/8m
2024/07/18 22:44:37 tests_api.go:29:  API erorr: 400, malformed request syntax  /test/8m
2024/07/18 22:44:37 tests_api.go:29:  API erorr: 400, malformed request syntax  /test/8m
2024/07/18 22:42:24 tests_db.go:93:  API erorr: 400, malformed request syntax  /test/37
2024/07/18 22:42:22 tests_db.go:93:  API erorr: 400, malformed request syntax  /test/22
2024/07/18 22:42:21 tests_db.go:93:  API erorr: 400, malformed request syntax  /test/22
2024/07/18 22:42:18 tests_db.go:93:  API erorr: 400, malformed request syntax  /test/7
2024/07/18 22:42:17 tests_db.go:93:  API erorr: 400, malformed request syntax  /test/7
2024/07/18 22:42:17 tests_db.go:93:  API erorr: 400, malformed request syntax  /test/7
2024/07/18 22:42:15 tests_db.go:93:  API erorr: 400, malformed request syntax  /test/0
2024/07/18 22:42:14 tests_db.go:93:  API erorr: 400, malformed request syntax  /test/0
2024/07/18 22:42:13 tests_db.go:93:  API erorr: 400, malformed request syntax  /test/0
2024/07/18 22:42:11 tests_api.go:29:  API erorr: 400, malformed request syntax  /test/8m
2024/07/18 22:42:11 tests_api.go:29:  API erorr: 400, malformed request syntax  /test/8m
2024/07/18 22:42:11 tests_api.go:29:  API erorr: 400, malformed request syntax  /test/8m
2024/07/18 22:42:11 tests_api.go:29:  API erorr: 400, malformed request syntax  /test/8m
2024/07/18 22:41:54 tests_db.go:93:  API erorr: 400, malformed request syntax  /test/37
2024/07/18 22:41:52 tests_db.go:93:  API erorr: 400, malformed request syntax  /test/22
2024/07/18 22:41:51 tests_db.go:93:  API erorr: 400, malformed request syntax  /test/22
2024/07/18 22:41:48 tests_db.go:93:  API erorr: 400, malformed request syntax  /test/7
2024/07/18 22:41:47 tests_db.go:93:  API erorr: 400, malformed request syntax  /test/7
2024/07/18 22:41:47 tests_db.go:93:  API erorr: 400, malformed request syntax  /test/7
2024/07/18 22:41:45 tests_db.go:93:  API erorr: 400, malformed request syntax  /test/0
2024/07/18 22:41:44 tests_db.go:93:  API erorr: 400, malformed request syntax  /test/0
2024/07/18 22:41:43 tests_db.go:93:  API erorr: 400, malformed request syntax  /test/0
2024/07/18 22:41:41 tests_api.go:29:  API erorr: 400, malformed request syntax  /test/8m
2024/07/18 22:41:41 tests_api.go:29:  API erorr: 400, malformed request syntax  /test/8m
2024/07/18 22:41:41 tests_api.go:29:  API erorr: 400, malformed request syntax  /test/8m
2024/07/18 22:41:41 tests_api.go:29:  API erorr: 400, malformed request syntax  /test/8m
2024/07/18 22:38:45 tests_db.go:93:  API erorr: 400, malformed request syntax  /test/38
2024/07/18 22:38:45 tests_db.go:93:  API erorr: 400, malformed request syntax  /test/38
2024/07/18 22:38:43 tests_db.go:93:  API erorr: 400, malformed request syntax  /test/37
2024/07/18 22:38:41 tests_db.go:93:  API erorr: 400, malformed request syntax  /test/37
2024/07/18 22:38:39 tests_db.go:93:  API erorr: 400, malformed request syntax  /test/22
2024/07/18 22:38:38 tests_db.go:93:  API erorr: 400, malformed request syntax  /test/22
2024/07/18 22:38:35 tests_db.go:93:  API erorr: 400, malformed request syntax  /test/7
2024/07/18 22:38:35 tests_db.go:93:  API erorr: 400, malformed request syntax  /test/7
2024/07/18 22:38:34 tests_db.go:93:  API erorr: 400, malformed request syntax  /test/7
2024/07/18 22:38:32 tests_db.go:93:  API erorr: 400, malformed request syntax  /test/0
2024/07/18 22:38:31 tests_db.go:93:  API erorr: 400, malformed request syntax  /test/0
2024/07/18 22:38:30 tests_db.go:93:  API erorr: 400, malformed request syntax  /test/0
2024/07/18 22:38:29 tests_api.go:29:  API erorr: 400, malformed request syntax  /test/8m
2024/07/18 22:38:29 tests_api.go:29:  API erorr: 400, malformed request syntax  /test/8m
2024/07/18 22:38:28 tests_api.go:29:  API erorr: 400, malformed request syntax  /test/8m
2024/07/18 22:38:28 tests_api.go:29:  API erorr: 400, malformed request syntax  /test/8m
2024/07/18 22:36:50 tests_db.go:93:  API erorr: 400, malformed request syntax  /test/38
2024/07/18 22:36:49 tests_db.go:93:  API erorr: 400, malformed request syntax  /test/38
2024/07/18 22:36:48 tests_db.go:93:  API erorr: 400, malformed request syntax  /test/37
2024/07/18 22:36:46 tests_db.go:93:  API erorr: 400, malformed request syntax  /test/37
2024/07/18 22:36:44 tests_db.go:93:  API erorr: 400, malformed request syntax  /test/22
2024/07/18 22:36:43 tests_db.go:93:  API erorr: 400, malformed request syntax  /test/22
2024/07/18 22:36:40 tests_db.go:93:  API erorr: 400, malformed request syntax  /test/7
2024/07/18 22:36:39 tests_db.go:93:  API erorr: 400, malformed request syntax  /test/7
2024/07/18 22:36:38 tests_db.go:93:  API erorr: 400, malformed request syntax  /test/7
2024/07/18 22:36:37 tests_db.go:93:  API erorr: 400, malformed request syntax  /test/0
2024/07/18 22:36:36 tests_db.go:93:  API erorr: 400, malformed request syntax  /test/0
2024/07/18 22:36:35 tests_db.go:93:  API erorr: 400, malformed request syntax  /test/0
2024/07/18 22:36:33 tests_api.go:29:  API erorr: 400, malformed request syntax  /test/8m
2024/07/18 22:36:33 tests_api.go:29:  API erorr: 400, malformed request syntax  /test/8m
2024/07/18 22:36:33 tests_api.go:29:  API erorr: 400, malformed request syntax  /test/8m
2024/07/18 22:36:33 tests_api.go:29:  API erorr: 400, malformed request syntax  /test/8m
2024/07/18 22:32:49 tests_db.go:90:  API erorr: 400, malformed request syntax  /test/38
2024/07/18 22:32:48 tests_db.go:90:  API erorr: 400, malformed request syntax  /test/38
2024/07/18 22:32:46 tests_db.go:90:  API erorr: 400, malformed request syntax  /test/37
2024/07/18 22:32:44 tests_db.go:90:  API erorr: 400, malformed request syntax  /test/37
2024/07/18 22:32:42 tests_db.go:90:  API erorr: 400, malformed request syntax  /test/22
2024/07/18 22:32:42 tests_db.go:90:  API erorr: 400, malformed request syntax  /test/22
2024/07/18 22:32:39 tests_db.go:90:  API erorr: 400, malformed request syntax  /test/7
2024/07/18 22:32:38 tests_db.go:90:  API erorr: 400, malformed request syntax  /test/7
2024/07/18 22:32:37 tests_db.go:90:  API erorr: 400, malformed request syntax  /test/7
2024/07/18 22:32:36 tests_db.go:90:  API erorr: 400, malformed request syntax  /test/0
2024/07/18 22:32:35 tests_db.go:90:  API erorr: 400, malformed request syntax  /test/0
2024/07/18 22:32:34 tests_db.go:90:  API erorr: 400, malformed request syntax  /test/0
2024/07/18 22:32:32 tests_api.go:29:  API erorr: 400, malformed request syntax  /test/8m
2024/07/18 22:32:32 tests_api.go:29:  API erorr: 400, malformed request syntax  /test/8m
2024/07/18 22:32:32 tests_api.go:29:  API erorr: 400, malformed request syntax  /test/8m
2024/07/18 22:32:32 tests_api.go:29:  API erorr: 400, malformed request syntax  /test/8m
2024/07/18 22:31:21 tests_db.go:90:  API erorr: 400, malformed request syntax  /test/38
2024/07/18 22:31:20 tests_db.go:90:  API erorr: 400, malformed request syntax  /test/38
2024/07/18 22:31:18 tests_db.go:90:  API erorr: 400, malformed request syntax  /test/37
2024/07/18 22:31:17 tests_db.go:90:  API erorr: 400, malformed request syntax  /test/37
2024/07/18 22:31:15 tests_db.go:90:  API erorr: 400, malformed request syntax  /test/22
2024/07/18 22:31:14 tests_db.go:90:  API erorr: 400, malformed request syntax  /test/22
2024/07/18 22:31:11 tests_db.go:90:  API erorr: 400, malformed request syntax  /test/7
2024/07/18 22:31:10 tests_db.go:90:  API erorr: 400, malformed request syntax  /test/7
2024/07/18 22:31:09 tests_db.go:90:  API erorr: 400, malformed request syntax  /test/7
2024/07/18 22:31:07 tests_db.go:90:  API erorr: 400, malformed request syntax  /test/0
2024/07/18 22:31:07 tests_db.go:90:  API erorr: 400, malformed request syntax  /test/0
2024/07/18 22:31:06 tests_db.go:90:  API erorr: 400, malformed request syntax  /test/0
2024/07/18 22:31:04 tests_api.go:29:  API erorr: 400, malformed request syntax  /test/8m
2024/07/18 22:31:04 tests_api.go:29:  API erorr: 400, malformed request syntax  /test/8m
2024/07/18 22:31:04 tests_api.go:29:  API erorr: 400, malformed request syntax  /test/8m
2024/07/18 22:31:04 tests_api.go:29:  API erorr: 400, malformed request syntax  /test/8m
2024/07/18 22:23:38 tests_db.go:90:  API erorr: 400, malformed request syntax  /test/38
2024/07/18 22:23:37 tests_db.go:90:  API erorr: 400, malformed request syntax  /test/38
2024/07/18 22:23:36 tests_db.go:90:  API erorr: 400, malformed request syntax  /test/37
2024/07/18 22:23:34 tests_db.go:90:  API erorr: 400, malformed request syntax  /test/37
2024/07/18 22:23:32 tests_db.go:90:  API erorr: 400, malformed request syntax  /test/22
2024/07/18 22:23:31 tests_db.go:90:  API erorr: 400, malformed request syntax  /test/22
2024/07/18 22:23:28 tests_db.go:90:  API erorr: 400, malformed request syntax  /test/7
2024/07/18 22:23:27 tests_db.go:90:  API erorr: 400, malformed request syntax  /test/7
2024/07/18 22:23:27 tests_db.go:90:  API erorr: 400, malformed request syntax  /test/7
2024/07/18 22:23:25 tests_db.go:90:  API erorr: 400, malformed request syntax  /test/0
2024/07/18 22:23:24 tests_db.go:90:  API erorr: 400, malformed request syntax  /test/0
2024/07/18 22:23:23 tests_db.go:90:  API erorr: 400, malformed request syntax  /test/0
2024/07/18 22:23:21 tests_api.go:29:  API erorr: 400, malformed request syntax  /test/8m
2024/07/18 22:23:21 tests_api.go:29:  API erorr: 400, malformed request syntax  /test/8m
2024/07/18 22:23:21 tests_api.go:29:  API erorr: 400, malformed request syntax  /test/8m
2024/07/18 22:23:21 tests_api.go:29:  API erorr: 400, malformed request syntax  /test/8m
2024/07/18 22:21:49 tests_db.go:90:  API erorr: 400, malformed request syntax  /test/37
2024/07/18 22:21:47 tests_db.go:90:  API erorr: 400, malformed request syntax  /test/22
2024/07/18 22:21:45 tests_db.go:90:  API erorr: 400, malformed request syntax  /test/7
2024/07/18 22:21:44 tests_db.go:90:  API erorr: 400, malformed request syntax  /test/7
2024/07/18 22:21:42 tests_db.go:90:  API erorr: 400, malformed request syntax  /test/0
2024/07/18 22:21:41 tests_db.go:90:  API erorr: 400, malformed request syntax  /test/0
2024/07/18 22:21:39 tests_api.go:29:  API erorr: 400, malformed request syntax  /test/8m
2024/07/18 22:21:39 tests_api.go:29:  API erorr: 400, malformed request syntax  /test/8m
2024/07/18 22:21:39 tests_api.go:29:  API erorr: 400, malformed request syntax  /test/8m
2024/07/18 22:14:31 tests_db.go:78:  API erorr: 400, malformed request syntax  /test/37
2024/07/18 22:14:29 tests_db.go:78:  API erorr: 400, malformed request syntax  /test/22
2024/07/18 22:14:26 tests_db.go:78:  API erorr: 400, malformed request syntax  /test/7
2024/07/18 22:14:25 tests_db.go:78:  API erorr: 400, malformed request syntax  /test/7
2024/07/18 22:14:23 tests_db.go:78:  API erorr: 400, malformed request syntax  /test/0
2024/07/18 22:14:23 tests_db.go:78:  API erorr: 400, malformed request syntax  /test/0
2024/07/18 22:14:21 tests_api.go:29:  API erorr: 400, malformed request syntax  /test/8m
2024/07/18 22:14:21 tests_api.go:29:  API erorr: 400, malformed request syntax  /test/8m
2024/07/18 22:14:21 tests_api.go:29:  API erorr: 400, malformed request syntax  /test/8m
2024/07/18 22:09:46 tests_db.go:78:  API erorr: 400, malformed request syntax  /test/36
2024/07/18 22:09:44 tests_db.go:78:  API erorr: 400, malformed request syntax  /test/22
2024/07/18 22:09:42 tests_db.go:78:  API erorr: 400, malformed request syntax  /test/7
2024/07/18 22:09:41 tests_db.go:78:  API erorr: 400, malformed request syntax  /test/7
2024/07/18 22:09:39 tests_db.go:78:  API erorr: 400, malformed request syntax  /test/0
2024/07/18 22:09:38 tests_db.go:78:  API erorr: 400, malformed request syntax  /test/0
2024/07/18 22:09:36 tests_api.go:29:  API erorr: 400, malformed request syntax  /test/8m
2024/07/18 22:09:36 tests_api.go:29:  API erorr: 400, malformed request syntax  /test/8m
2024/07/18 22:09:36 tests_api.go:29:  API erorr: 400, malformed request syntax  /test/8m
2024/07/18 21:57:40 tests_db.go:65:  API erorr: 400, malformed request syntax  /test/7
2024/07/18 21:57:38 tests_db.go:65:  API erorr: 400, malformed request syntax  /test/0
2024/07/18 21:57:36 tests_api.go:29:  API erorr: 400, malformed request syntax  /test/8m
2024/07/18 21:57:36 tests_api.go:29:  API erorr: 400, malformed request syntax  /test/8m
2024/07/18 21:57:07 tests_db.go:65:  API erorr: 400, malformed request syntax  /test/7
2024/07/18 21:57:06 tests_db.go:65:  API erorr: 400, malformed request syntax  /test/0
2024/07/18 21:57:04 tests_api.go:29:  API erorr: 400, malformed request syntax  /test/8m
2024/07/18 21:57:04 tests_api.go:29:  API erorr: 400, malformed request syntax  /test/8m
2024/07/18 21:53:20 tests_db.go:66:  API erorr: 400, malformed request syntax  /test/7
2024/07/18 21:53:18 tests_db.go:66:  API erorr: 400, malformed request syntax  /test/0
2024/07/18 21:53:16 tests_api.go:29:  API erorr: 400, malformed request syntax  /test/8m
2024/07/18 21:53:16 tests_api.go:29:  API erorr: 400, malformed request syntax  /test/8m
2024/07/18 21:52:22 tests_db.go:66:  API erorr: 400, malformed request syntax  /test/7
2024/07/18 21:52:20 tests_db.go:66:  API erorr: 400, malformed request syntax  /test/0
2024/07/18 21:52:18 tests_api.go:29:  API erorr: 400, malformed request syntax  /test/8m
2024/07/18 21:52:18 tests_api.go:29:  API erorr: 400, malformed request syntax  /test/8m
2024/07/18 21:41:34 tests_db.go:63:  API erorr: 400, malformed request syntax  /test/7
2024/07/18 21:41:32 tests_db.go:63:  API erorr: 400, malformed request syntax  /test/0
2024/07/18 21:41:31 tests_api.go:29:  API erorr: 400, malformed request syntax  /test/8m
2024/07/18 21:41:31 tests_api.go:29:  API erorr: 400, malformed request syntax  /test/8m
2024/07/18 21:39:13 tests_db.go:62:  API erorr: 400, malformed request syntax  /test/7
2024/07/18 21:39:11 tests_db.go:62:  API erorr: 400, malformed request syntax  /test/0
2024/07/18 21:39:10 tests_api.go:29:  API erorr: 400, malformed request syntax  /test/8m
2024/07/18 21:39:10 tests_api.go:29:  API erorr: 400, malformed request syntax  /test/8m
2024/07/18 21:38:02 tests_db.go:61:  API erorr: 400, malformed request syntax  /test/7
2024/07/18 21:38:00 tests_db.go:61:  API erorr: 400, malformed request syntax  /test/0
2024/07/18 21:37:58 tests_api.go:29:  API erorr: 400, malformed request syntax  /test/8m
2024/07/18 21:37:58 tests_api.go:29:  API erorr: 400, malformed request syntax  /test/8m
2024/07/18 21:34:35 tests_db.go:60:  API erorr: 400, malformed request syntax  /test/7
2024/07/18 21:34:33 tests_db.go:60:  API erorr: 400, malformed request syntax  /test/0
2024/07/18 21:34:31 tests_api.go:29:  API erorr: 400, malformed request syntax  /test/8m
2024/07/18 21:34:31 tests_api.go:29:  API erorr: 400, malformed request syntax  /test/8m
2024/07/18 21:32:14 tests_db.go:57:  API erorr: 400, malformed request syntax  /test/7
2024/07/18 21:32:12 tests_db.go:57:  API erorr: 400, malformed request syntax  /test/0
2024/07/18 21:32:10 tests_api.go:29:  API erorr: 400, malformed request syntax  /test/8m
2024/07/18 21:32:10 tests_api.go:29:  API erorr: 400, malformed request syntax  /test/8m
2024/07/18 21:28:08 tests_db.go:57:  API erorr: 400, malformed request syntax  /test/7
2024/07/18 21:28:06 tests_db.go:57:  API erorr: 400, malformed request syntax  /test/0
2024/07/18 21:28:04 tests_api.go:29:  API erorr: 400, malformed request syntax  /test/8m
2024/07/18 21:28:04 tests_api.go:29:  API erorr: 400, malformed request syntax  /test/8m
2024/07/18 21:25:53 tests_db.go:57:  API erorr: 400, malformed request syntax  /test/22
2024/07/18 21:25:51 tests_db.go:57:  API erorr: 400, malformed request syntax  /test/22
2024/07/18 21:25:48 tests_db.go:57:  API erorr: 400, malformed request syntax  /test/7
2024/07/18 21:25:47 tests_db.go:57:  API erorr: 400, malformed request syntax  /test/7
2024/07/18 21:25:47 tests_db.go:57:  API erorr: 400, malformed request syntax  /test/7
2024/07/18 21:25:45 tests_db.go:57:  API erorr: 400, malformed request syntax  /test/0
2024/07/18 21:25:43 tests_db.go:57:  API erorr: 400, malformed request syntax  /test/0
2024/07/18 21:25:42 tests_db.go:57:  API erorr: 400, malformed request syntax  /test/0
2024/07/18 21:25:41 tests_api.go:29:  API erorr: 400, malformed request syntax  /test/8m
2024/07/18 21:25:41 tests_api.go:29:  API erorr: 400, malformed request syntax  /test/8m
2024/07/18 21:25:41 tests_api.go:29:  API erorr: 400, malformed request syntax  /test/8m
2024/07/18 21:25:41 tests_api.go:29:  API erorr: 400, malformed request syntax  /test/8m
2024/07/18 21:21:33 tests_db.go:57:  API erorr: 400, malformed request syntax  /test/22
2024/07/18 21:21:32 tests_db.go:57:  API erorr: 400, malformed request syntax  /test/22
2024/07/18 21:21:29 tests_db.go:57:  API erorr: 400, malformed request syntax  /test/7
2024/07/18 21:21:29 tests_db.go:57:  API erorr: 400, malformed request syntax  /test/7
2024/07/18 21:21:26 tests_db.go:57:  API erorr: 400, malformed request syntax  /test/0
2024/07/18 21:21:25 tests_db.go:57:  API erorr: 400, malformed request syntax  /test/0
2024/07/18 21:21:23 tests_api.go:29:  API erorr: 400, malformed request syntax  /test/8m
2024/07/18 21:21:23 tests_api.go:29:  API erorr: 400, malformed request syntax  /test/8m
2024/07/18 21:21:23 tests_api.go:29:  API erorr: 400, malformed request syntax  /test/8m
2024/07/18 21:21:22 tests_api.go:29:  API erorr: 400, malformed request syntax  /test/8m
2024/07/18 20:57:41 tests_db.go:41:  API erorr: 400, malformed request syntax  /test/22
2024/07/18 20:57:40 tests_db.go:41:  API erorr: 400, malformed request syntax  /test/22
2024/07/18 20:57:39 tests_db.go:41:  API erorr: 400, malformed request syntax  /test/22
2024/07/18 20:57:37 tests_db.go:41:  API erorr: 400, malformed request syntax  /test/7
2024/07/18 20:57:37 tests_db.go:41:  API erorr: 400, malformed request syntax  /test/7
2024/07/18 20:57:36 tests_db.go:41:  API erorr: 400, malformed request syntax  /test/7
2024/07/18 20:57:34 tests_db.go:41:  API erorr: 400, malformed request syntax  /test/0
2024/07/18 20:57:33 tests_db.go:41:  API erorr: 400, malformed request syntax  /test/0
2024/07/18 20:57:32 tests_db.go:41:  API erorr: 400, malformed request syntax  /test/0
2024/07/18 20:57:30 tests_api.go:29:  API erorr: 400, malformed request syntax  /test/8m
2024/07/18 20:57:30 tests_api.go:29:  API erorr: 400, malformed request syntax  /test/8m
2024/07/18 20:57:30 tests_api.go:29:  API erorr: 400, malformed request syntax  /test/8m
2024/07/18 20:57:30 tests_api.go:29:  API erorr: 400, malformed request syntax  /test/8m
2024/07/18 20:55:23 tests_db.go:41:  API erorr: 400, malformed request syntax  /test/22
2024/07/18 20:55:22 tests_db.go:41:  API erorr: 400, malformed request syntax  /test/22
2024/07/18 20:55:21 tests_db.go:41:  API erorr: 400, malformed request syntax  /test/22
2024/07/18 20:55:19 tests_db.go:41:  API erorr: 400, malformed request syntax  /test/7
2024/07/18 20:55:18 tests_db.go:41:  API erorr: 400, malformed request syntax  /test/7
2024/07/18 20:55:17 tests_db.go:41:  API erorr: 400, malformed request syntax  /test/7
2024/07/18 20:55:16 tests_db.go:41:  API erorr: 400, malformed request syntax  /test/0
2024/07/18 20:55:15 tests_db.go:41:  API erorr: 400, malformed request syntax  /test/0
2024/07/18 20:55:14 tests_db.go:41:  API erorr: 400, malformed request syntax  /test/0
2024/07/18 20:55:12 tests_api.go:29:  API erorr: 400, malformed request syntax  /test/8m
2024/07/18 20:55:12 tests_api.go:29:  API erorr: 400, malformed request syntax  /test/8m
2024/07/18 20:55:12 tests_api.go:29:  API erorr: 400, malformed request syntax  /test/8m
2024/07/18 20:55:12 tests_api.go:29:  API erorr: 400, malformed request syntax  /test/8m
2024/07/18 20:53:41 tests_db.go:41:  API erorr: 400, malformed request syntax  /test/22
2024/07/18 20:53:40 tests_db.go:41:  API erorr: 400, malformed request syntax  /test/22
2024/07/18 20:53:39 tests_db.go:41:  API erorr: 400, malformed request syntax  /test/22
2024/07/18 20:53:38 tests_db.go:41:  API erorr: 400, malformed request syntax  /test/7
2024/07/18 20:53:37 tests_db.go:41:  API erorr: 400, malformed request syntax  /test/7
2024/07/18 20:53:36 tests_db.go:41:  API erorr: 400, malformed request syntax  /test/7
2024/07/18 20:53:34 tests_db.go:41:  API erorr: 400, malformed request syntax  /test/0
2024/07/18 20:53:33 tests_db.go:41:  API erorr: 400, malformed request syntax  /test/0
2024/07/18 20:53:32 tests_db.go:41:  API erorr: 400, malformed request syntax  /test/0
2024/07/18 20:53:30 tests_api.go:29:  API erorr: 400, malformed request syntax  /test/8m
2024/07/18 20:53:30 tests_api.go:29:  API erorr: 400, malformed request syntax  /test/8m
2024/07/18 20:53:30 tests_api.go:29:  API erorr: 400, malformed request syntax  /test/8m
2024/07/18 20:53:30 tests_api.go:29:  API erorr: 400, malformed request syntax  /test/8m
2024/07/18 20:48:14 tests_db.go:41:  API erorr: 400, malformed request syntax  /test/22
2024/07/18 20:48:13 tests_db.go:41:  API erorr: 400, malformed request syntax  /test/22
2024/07/18 20:48:12 tests_db.go:41:  API erorr: 400, malformed request syntax  /test/22
2024/07/18 20:48:10 tests_db.go:41:  API erorr: 400, malformed request syntax  /test/7
2024/07/18 20:48:10 tests_db.go:41:  API erorr: 400, malformed request syntax  /test/7
2024/07/18 20:48:09 tests_db.go:41:  API erorr: 400, malformed request syntax  /test/7
2024/07/18 20:48:07 tests_db.go:41:  API erorr: 400, malformed request syntax  /test/0
2024/07/18 20:48:06 tests_db.go:41:  API erorr: 400, malformed request syntax  /test/0
2024/07/18 20:48:06 tests_db.go:41:  API erorr: 400, malformed request syntax  /test/0
2024/07/18 20:48:04 tests_api.go:29:  API erorr: 400, malformed request syntax  /test/8m
2024/07/18 20:48:04 tests_api.go:29:  API erorr: 400, malformed request syntax  /test/8m
2024/07/18 20:48:04 tests_api.go:29:  API erorr: 400, malformed request syntax  /test/8m
2024/07/18 20:48:04 tests_api.go:29:  API erorr: 400, malformed request syntax  /test/8m
2024/07/18 20:45:56 tests_db.go:41:  API erorr: 400, malformed request syntax  /test/22
2024/07/18 20:45:56 tests_db.go:41:  API erorr: 400, malformed request syntax  /test/22
2024/07/18 20:45:55 tests_db.go:41:  API erorr: 400, malformed request syntax  /test/22
2024/07/18 20:45:53 tests_db.go:41:  API erorr: 400, malformed request syntax  /test/7
2024/07/18 20:45:52 tests_db.go:41:  API erorr: 400, malformed request syntax  /test/7
2024/07/18 20:45:51 tests_db.go:41:  API erorr: 400, malformed request syntax  /test/7
2024/07/18 20:45:50 tests_db.go:41:  API erorr: 400, malformed request syntax  /test/0
2024/07/18 20:45:49 tests_db.go:41:  API erorr: 400, malformed request syntax  /test/0
2024/07/18 20:45:48 tests_db.go:41:  API erorr: 400, malformed request syntax  /test/0
2024/07/18 20:45:46 tests_api.go:29:  API erorr: 400, malformed request syntax  /test/8m
2024/07/18 20:45:46 tests_api.go:29:  API erorr: 400, malformed request syntax  /test/8m
2024/07/18 20:45:46 tests_api.go:29:  API erorr: 400, malformed request syntax  /test/8m
2024/07/18 20:45:46 tests_api.go:29:  API erorr: 400, malformed request syntax  /test/8m
2024/07/18 17:54:31 tests_db.go:41:  API erorr: 400, malformed request syntax  /test/22
2024/07/18 17:54:31 tests_db.go:41:  API erorr: 400, malformed request syntax  /test/22
2024/07/18 17:54:30 tests_db.go:41:  API erorr: 400, malformed request syntax  /test/22
2024/07/18 17:54:28 tests_db.go:41:  API erorr: 400, malformed request syntax  /test/7
2024/07/18 17:54:27 tests_db.go:41:  API erorr: 400, malformed request syntax  /test/7
2024/07/18 17:54:26 tests_db.go:41:  API erorr: 400, malformed request syntax  /test/7
2024/07/18 17:54:24 tests_db.go:41:  API erorr: 400, malformed request syntax  /test/0
2024/07/18 17:54:24 tests_db.go:41:  API erorr: 400, malformed request syntax  /test/0
2024/07/18 17:54:22 tests_db.go:41:  API erorr: 400, malformed request syntax  /test/0
2024/07/18 17:54:20 tests_api.go:29:  API erorr: 400, malformed request syntax  /test/8m
2024/07/18 17:54:20 tests_api.go:29:  API erorr: 400, malformed request syntax  /test/8m
2024/07/18 17:54:20 tests_api.go:29:  API erorr: 400, malformed request syntax  /test/8m
2024/07/18 17:54:20 tests_api.go:29:  API erorr: 400, malformed request syntax  /test/8m
2024/07/18 17:48:19 tests_db.go:41:  API erorr: 400, malformed request syntax  /test/22
2024/07/18 17:48:19 tests_db.go:41:  API erorr: 400, malformed request syntax  /test/22
2024/07/18 17:48:18 tests_db.go:41:  API erorr: 400, malformed request syntax  /test/22
2024/07/18 17:48:16 tests_db.go:41:  API erorr: 400, malformed request syntax  /test/7
2024/07/18 17:48:15 tests_db.go:41:  API erorr: 400, malformed request syntax  /test/7
2024/07/18 17:48:14 tests_db.go:41:  API erorr: 400, malformed request syntax  /test/7
2024/07/18 17:48:13 tests_db.go:41:  API erorr: 400, malformed request syntax  /test/0
2024/07/18 17:48:12 tests_db.go:41:  API erorr: 400, malformed request syntax  /test/0
2024/07/18 17:48:11 tests_db.go:41:  API erorr: 400, malformed request syntax  /test/0
2024/07/18 17:48:09 tests_api.go:29:  API erorr: 400, malformed request syntax  /test/8m
2024/07/18 17:48:09 tests_api.go:29:  API erorr: 400, malformed request syntax  /test/8m
2024/07/18 17:48:09 tests_api.go:29:  API erorr: 400, malformed request syntax  /test/8m
2024/07/18 17:48:09 tests_api.go:29:  API erorr: 400, malformed request syntax  /test/8m
2024/07/18 17:46:53 tests_db.go:41:  API erorr: 400, malformed request syntax  /test/22
2024/07/18 17:46:52 tests_db.go:41:  API erorr: 400, malformed request syntax  /test/22
2024/07/18 17:46:51 tests_db.go:41:  API erorr: 400, malformed request syntax  /test/22
2024/07/18 17:46:49 tests_db.go:41:  API erorr: 400, malformed request syntax  /test/7
2024/07/18 17:46:48 tests_db.go:41:  API erorr: 400, malformed request syntax  /test/7
2024/07/18 17:46:48 tests_db.go:41:  API erorr: 400, malformed request syntax  /test/7
2024/07/18 17:46:46 tests_db.go:41:  API erorr: 400, malformed request syntax  /test/0
2024/07/18 17:46:45 tests_db.go:41:  API erorr: 400, malformed request syntax  /test/0
2024/07/18 17:46:44 tests_db.go:41:  API erorr: 400, malformed request syntax  /test/0
2024/07/18 17:46:43 tests_api.go:29:  API erorr: 400, malformed request syntax  /test/8m
2024/07/18 17:46:43 tests_api.go:29:  API erorr: 400, malformed request syntax  /test/8m
2024/07/18 17:46:42 tests_api.go:29:  API erorr: 400, malformed request syntax  /test/8m
2024/07/18 17:46:42 tests_api.go:29:  API erorr: 400, malformed request syntax  /test/8m
2024/07/18 17:46:08 tests_db.go:41:  API erorr: 400, malformed request syntax  /test/22
2024/07/18 17:46:07 tests_db.go:41:  API erorr: 400, malformed request syntax  /test/22
2024/07/18 17:46:07 tests_db.go:41:  API erorr: 400, malformed request syntax  /test/22
2024/07/18 17:46:05 tests_db.go:41:  API erorr: 400, malformed request syntax  /test/7
2024/07/18 17:46:04 tests_db.go:41:  API erorr: 400, malformed request syntax  /test/7
2024/07/18 17:46:03 tests_db.go:41:  API erorr: 400, malformed request syntax  /test/7
2024/07/18 17:46:01 tests_db.go:41:  API erorr: 400, malformed request syntax  /test/0
2024/07/18 17:46:01 tests_db.go:41:  API erorr: 400, malformed request syntax  /test/0
2024/07/18 17:46:00 tests_db.go:41:  API erorr: 400, malformed request syntax  /test/0
2024/07/18 17:45:58 tests_api.go:29:  API erorr: 400, malformed request syntax  /test/8m
2024/07/18 17:45:58 tests_api.go:29:  API erorr: 400, malformed request syntax  /test/8m
2024/07/18 17:45:58 tests_api.go:29:  API erorr: 400, malformed request syntax  /test/8m
2024/07/18 17:45:58 tests_api.go:29:  API erorr: 400, malformed request syntax  /test/8m
2024/07/18 17:45:06 tests_db.go:41:  API erorr: 400, malformed request syntax  /test/22
2024/07/18 17:45:05 tests_db.go:41:  API erorr: 400, malformed request syntax  /test/22
2024/07/18 17:45:04 tests_db.go:41:  API erorr: 400, malformed request syntax  /test/22
2024/07/18 17:45:02 tests_db.go:41:  API erorr: 400, malformed request syntax  /test/7
2024/07/18 17:45:01 tests_db.go:41:  API erorr: 400, malformed request syntax  /test/7
2024/07/18 17:45:01 tests_db.go:41:  API erorr: 400, malformed request syntax  /test/7
2024/07/18 17:44:59 tests_db.go:41:  API erorr: 400, malformed request syntax  /test/0
2024/07/18 17:44:58 tests_db.go:41:  API erorr: 400, malformed request syntax  /test/0
2024/07/18 17:44:57 tests_db.go:41:  API erorr: 400, malformed request syntax  /test/0
2024/07/18 17:44:55 tests_api.go:29:  API erorr: 400, malformed request syntax  /test/8m
2024/07/18 17:44:55 tests_api.go:29:  API erorr: 400, malformed request syntax  /test/8m
2024/07/18 17:44:55 tests_api.go:29:  API erorr: 400, malformed request syntax  /test/8m
2024/07/18 17:44:55 tests_api.go:29:  API erorr: 400, malformed request syntax  /test/8m
2024/07/18 17:44:38 tests_db.go:41:  API erorr: 400, malformed request syntax  /test/22
2024/07/18 17:44:37 tests_db.go:41:  API erorr: 400, malformed request syntax  /test/22
2024/07/18 17:44:36 tests_db.go:41:  API erorr: 400, malformed request syntax  /test/22
2024/07/18 17:44:35 tests_db.go:41:  API erorr: 400, malformed request syntax  /test/7
2024/07/18 17:44:34 tests_db.go:41:  API erorr: 400, malformed request syntax  /test/7
2024/07/18 17:44:33 tests_db.go:41:  API erorr: 400, malformed request syntax  /test/7
2024/07/18 17:44:31 tests_db.go:41:  API erorr: 400, malformed request syntax  /test/0
2024/07/18 17:44:31 tests_db.go:41:  API erorr: 400, malformed request syntax  /test/0
2024/07/18 17:44:30 tests_db.go:41:  API erorr: 400, malformed request syntax  /test/0
2024/07/18 17:44:28 tests_api.go:29:  API erorr: 400, malformed request syntax  /test/8m
2024/07/18 17:44:28 tests_api.go:29:  API erorr: 400, malformed request syntax  /test/8m
2024/07/18 17:44:28 tests_api.go:29:  API erorr: 400, malformed request syntax  /test/8m
2024/07/18 17:44:28 tests_api.go:29:  API erorr: 400, malformed request syntax  /test/8m
2024/07/18 17:43:48 tests_db.go:41:  API erorr: 400, malformed request syntax  /test/22
2024/07/18 17:43:46 tests_db.go:41:  API erorr: 400, malformed request syntax  /test/22
2024/07/18 17:43:46 tests_db.go:41:  API erorr: 400, malformed request syntax  /test/22
2024/07/18 17:43:44 tests_db.go:41:  API erorr: 400, malformed request syntax  /test/7
2024/07/18 17:43:43 tests_db.go:41:  API erorr: 400, malformed request syntax  /test/7
2024/07/18 17:43:42 tests_db.go:41:  API erorr: 400, malformed request syntax  /test/7
2024/07/18 17:43:41 tests_db.go:41:  API erorr: 400, malformed request syntax  /test/0
2024/07/18 17:43:40 tests_db.go:41:  API erorr: 400, malformed request syntax  /test/0
2024/07/18 17:43:39 tests_db.go:41:  API erorr: 400, malformed request syntax  /test/0
2024/07/18 17:43:37 tests_api.go:29:  API erorr: 400, malformed request syntax  /test/8m
2024/07/18 17:43:37 tests_api.go:29:  API erorr: 400, malformed request syntax  /test/8m
2024/07/18 17:43:37 tests_api.go:29:  API erorr: 400, malformed request syntax  /test/8m
2024/07/18 17:43:37 tests_api.go:29:  API erorr: 400, malformed request syntax  /test/8m
2024/07/18 17:42:23 tests_db.go:41:  API erorr: 400, malformed request syntax  /test/22
2024/07/18 17:42:22 tests_db.go:41:  API erorr: 400, malformed request syntax  /test/22
2024/07/18 17:42:22 tests_db.go:41:  API erorr: 400, malformed request syntax  /test/22
2024/07/18 17:42:20 tests_db.go:41:  API erorr: 400, malformed request syntax  /test/7
2024/07/18 17:42:19 tests_db.go:41:  API erorr: 400, malformed request syntax  /test/7
2024/07/18 17:42:18 tests_db.go:41:  API erorr: 400, malformed request syntax  /test/7
2024/07/18 17:42:17 tests_db.go:41:  API erorr: 400, malformed request syntax  /test/0
2024/07/18 17:42:16 tests_db.go:41:  API erorr: 400, malformed request syntax  /test/0
2024/07/18 17:42:15 tests_db.go:41:  API erorr: 400, malformed request syntax  /test/0
2024/07/18 17:42:13 tests_api.go:29:  API erorr: 400, malformed request syntax  /test/8m
2024/07/18 17:42:13 tests_api.go:29:  API erorr: 400, malformed request syntax  /test/8m
2024/07/18 17:42:13 tests_api.go:29:  API erorr: 400, malformed request syntax  /test/8m
2024/07/18 17:42:13 tests_api.go:29:  API erorr: 400, malformed request syntax  /test/8m
2024/07/18 17:37:35 tests_db.go:41:  API erorr: 400, malformed request syntax  /test/22
2024/07/18 17:37:34 tests_db.go:41:  API erorr: 400, malformed request syntax  /test/22
2024/07/18 17:37:34 tests_db.go:41:  API erorr: 400, malformed request syntax  /test/22
2024/07/18 17:37:32 tests_db.go:41:  API erorr: 400, malformed request syntax  /test/7
2024/07/18 17:37:31 tests_db.go:41:  API erorr: 400, malformed request syntax  /test/7
2024/07/18 17:37:30 tests_db.go:41:  API erorr: 400, malformed request syntax  /test/7
2024/07/18 17:37:29 tests_db.go:41:  API erorr: 400, malformed request syntax  /test/0
2024/07/18 17:37:28 tests_db.go:41:  API erorr: 400, malformed request syntax  /test/0
2024/07/18 17:37:27 tests_db.go:41:  API erorr: 400, malformed request syntax  /test/0
2024/07/18 17:37:25 tests_api.go:29:  API erorr: 400, malformed request syntax  /test/8m
2024/07/18 17:37:25 tests_api.go:29:  API erorr: 400, malformed request syntax  /test/8m
2024/07/18 17:37:25 tests_api.go:29:  API erorr: 400, malformed request syntax  /test/8m
2024/07/18 17:37:25 tests_api.go:29:  API erorr: 400, malformed request syntax  /test/8m
2024/07/18 16:52:36 tests_db.go:41:  API erorr: 400, malformed request syntax  /test/3
2024/07/18 16:49:26 tests_api.go:29:  API erorr: 400, malformed request syntax  /test/m
2024/07/18 16:48:24 tests_api.go:29:  API erorr: 400, malformed request syntax  /test/9m
2024/07/18 13:50:05 tests_api.go:29:  API erorr: 400, malformed request syntax  /test/15m
2024/07/18 13:23:49 tests_api.go:32:  API erorr: 501, loš api path  /test/mm
2024/07/18 13:05:11 tests_api.go:32:  API erorr: 501, loš api path  /test/M
2024/07/18 12:29:00 tests_api.go:32:  API erorr: 501, loš api path  /test/-1к
2024/07/18 12:22:16 tests_api.go:32:  API erorr: 501, loš api poziv  /test/p
2024/07/18 11:24:10 tests.go:31:  API erorr: 501, loš api poziv  /test/-9h
2024/07/18 11:23:35 tests.go:31:  API erorr 501, loš api poziv  /test/-9h
2024/07/18 11:17:56 tests.go:31:  API erorr 501  /test/-9h
2024/07/18 10:01:46 tests.go:31:  strconv.Atoi: parsing "-9h": invalid syntax  /test/-9h
2024/07/17 22:17:34 tests.go:31:  strconv.Atoi: parsing "-9h": invalid syntax  /test/-9h
2024/07/17 22:16:59 tests.go:31:  strconv.Atoi: parsing "-1.98769069786576845": invalid syntax  /test/-1.98769069786576845
2024/07/17 21:51:09 tests.go:31:  strconv.Atoi: parsing "56h": invalid syntax  /test/56h
2024/07/17 21:50:47 tests.go:31:  strconv.Atoi: parsing "78mf": invalid syntax  /test/78mf
2024/07/17 21:49:54 tests.go:31:  strconv.Atoi: parsing "78m": invalid syntax  /test/78m
2024/07/17 21:49:15 tests.go:31:  strconv.Atoi: parsing "2m": invalid syntax  /test/2m
2024/07/17 21:39:41 tests.go:26:  strconv.Atoi: parsing "2v": invalid syntax  /test/2v
2024/07/17 21:39:23 tests.go:26:  strconv.Atoi: parsing "": invalid syntax  /test
2024/07/17 15:00:39 authenticateUser.go:169:  Pogrešna lozinka za: vladan_zasve@yahoo.com  tmp/r.URL.Path
2024/07/17 14:44:57 authenticateUser.go:169:  Pogrešna lozinka za: vladan_zasve@yahoo.com  tmp/r.URL.Path
2024/07/15 14:30:09 getTests.go:28:  ERROR: syntax error at or near "3333" (SQLSTATE 42601)  /htmx_get_tests
2024/07/15 13:03:20 getTests.go:28:  ERROR: syntax error at or near "888" (SQLSTATE 42601)  /api_get_tests
2024/07/15 11:51:47 authenticateUser.go:169:  Pogrešna lozinka za: vladan_zasve@yahoo.com  tmp/r.URL.Path
2024/07/15 11:40:12 authenticateUser.go:169:  Pogrešna lozinka za: vladan_zasve@yahoo.com  nešto